<?xml version="1.0" encoding="UTF-8"?>
<testng-results ignored="0" total="5" passed="5" failed="0" skipped="0">
  <reporter-output>
  </reporter-output>
  <suite started-at="2026-06-01T09:08:19 IST" name="Default suite" finished-at="2026-06-01T09:09:01 IST" duration-ms="42074">
    <groups>
      <group name="cucumber">
        <method signature="AbstractTestNGCucumberTests.runScenario(io.cucumber.testng.PickleWrapper,io.cucumber.testng.FeatureWrapper)[pri:0, instance:StepDef.TestRunner@574b560f]" name="runScenario" class="io.cucumber.testng.AbstractTestNGCucumberTests"/>
      </group> <!-- cucumber -->
    </groups>
    <test started-at="2026-06-01T09:08:19 IST" name="Default test" finished-at="2026-06-01T09:09:01 IST" duration-ms="42074">
      <class name="StepDef.TestRunner">
        <test-method is-config="true" signature="setUpClass(org.testng.ITestContext)[pri:0, instance:StepDef.TestRunner@574b560f]" started-at="2026-06-01T09:08:19 IST" name="setUpClass" finished-at="2026-06-01T09:08:22 IST" duration-ms="3231" status="PASS">
          <params>
            <param index="0">
              <value>
                <![CDATA[org.testng.TestRunner@76563d26]]>
              </value>
            </param>
          </params>
          <reporter-output>
          </reporter-output>
        </test-method> <!-- setUpClass -->
        <test-method signature="runScenario(io.cucumber.testng.PickleWrapper,io.cucumber.testng.FeatureWrapper)[pri:0, instance:StepDef.TestRunner@574b560f]" started-at="2026-06-01T09:08:22 IST" name="runScenario" description="Runs Cucumber Scenarios" data-provider="scenarios" finished-at="2026-06-01T09:08:35 IST" duration-ms="13608" status="PASS">
          <params>
            <param index="0">
              <value>
                <![CDATA["Product Search Test"]]>
              </value>
            </param>
            <param index="1">
              <value>
                <![CDATA["TutorialsNinja Ecommerce Functionality"]]>
              </value>
            </param>
          </params>
          <reporter-output>
          </reporter-output>
        </test-method> <!-- runScenario -->
        <test-method signature="runScenario(io.cucumber.testng.PickleWrapper,io.cucumber.testng.FeatureWrapper)[pri:0, instance:StepDef.TestRunner@574b560f]" started-at="2026-06-01T09:08:36 IST" name="runScenario" description="Runs Cucumber Scenarios" data-provider="scenarios" finished-at="2026-06-01T09:08:41 IST" duration-ms="5919" status="PASS">
          <params>
            <param index="0">
              <value>
                <![CDATA["Add Product To Cart Test"]]>
              </value>
            </param>
            <param index="1">
              <value>
                <![CDATA["TutorialsNinja Ecommerce Functionality"]]>
              </value>
            </param>
          </params>
          <reporter-output>
          </reporter-output>
        </test-method> <!-- runScenario -->
        <test-method signature="runScenario(io.cucumber.testng.PickleWrapper,io.cucumber.testng.FeatureWrapper)[pri:0, instance:StepDef.TestRunner@574b560f]" started-at="2026-06-01T09:08:41 IST" name="runScenario" description="Runs Cucumber Scenarios" data-provider="scenarios" finished-at="2026-06-01T09:08:49 IST" duration-ms="7431" status="PASS">
          <params>
            <param index="0">
              <value>
                <![CDATA["Remove Product From Cart Test"]]>
              </value>
            </param>
            <param index="1">
              <value>
                <![CDATA["TutorialsNinja Ecommerce Functionality"]]>
              </value>
            </param>
          </params>
          <reporter-output>
          </reporter-output>
        </test-method> <!-- runScenario -->
        <test-method signature="runScenario(io.cucumber.testng.PickleWrapper,io.cucumber.testng.FeatureWrapper)[pri:0, instance:StepDef.TestRunner@574b560f]" started-at="2026-06-01T09:08:49 IST" name="runScenario" description="Runs Cucumber Scenarios" data-provider="scenarios" finished-at="2026-06-01T09:08:54 IST" duration-ms="4985" status="PASS">
          <params>
            <param index="0">
              <value>
                <![CDATA["Product search"]]>
              </value>
            </param>
            <param index="1">
              <value>
                <![CDATA["TutorialsNinja Ecommerce Functionality"]]>
              </value>
            </param>
          </params>
          <reporter-output>
          </reporter-output>
        </test-method> <!-- runScenario -->
        <test-method signature="runScenario(io.cucumber.testng.PickleWrapper,io.cucumber.testng.FeatureWrapper)[pri:0, instance:StepDef.TestRunner@574b560f]" started-at="2026-06-01T09:08:54 IST" name="runScenario" description="Runs Cucumber Scenarios" data-provider="scenarios" finished-at="2026-06-01T09:09:00 IST" duration-ms="6301" status="PASS">
          <params>
            <param index="0">
              <value>
                <![CDATA["Add product to cart"]]>
              </value>
            </param>
            <param index="1">
              <value>
                <![CDATA["TutorialsNinja Ecommerce Functionality"]]>
              </value>
            </param>
          </params>
          <reporter-output>
          </reporter-output>
        </test-method> <!-- runScenario -->
        <test-method is-config="true" signature="tearDownClass()[pri:0, instance:StepDef.TestRunner@574b560f]" started-at="2026-06-01T09:09:00 IST" name="tearDownClass" finished-at="2026-06-01T09:09:01 IST" duration-ms="399" status="PASS">
          <reporter-output>
          </reporter-output>
        </test-method> <!-- tearDownClass -->
      </class> <!-- StepDef.TestRunner -->
    </test> <!-- Default test -->
  </suite> <!-- Default suite -->
</testng-results>
