<?xml version="1.0" encoding="UTF-8"?>
<!-- Generated by org.testng.reporters.JUnitReportReporter -->
<testsuite hostname="DESKTOP-BKGT5IA" failures="0" tests="5" name="StepDef.TestRunner" time="73.218" errors="0" timestamp="2026-05-30T11:09:39 IST" skipped="0">
  <testcase classname="StepDef.TestRunner" name="runScenario" time="5.793"/>
  <testcase classname="StepDef.TestRunner" name="runScenario" time="32.590"/>
  <testcase classname="StepDef.TestRunner" name="runScenario" time="4.209"/>
  <testcase classname="StepDef.TestRunner" name="runScenario" time="6.169"/>
  <testcase classname="StepDef.TestRunner" name="runScenario" time="24.457"/>
</testsuite> <!-- StepDef.TestRunner -->
