<?xml version="1.0" encoding="UTF-8"?>
<!-- Generated by org.testng.reporters.JUnitReportReporter -->
<testsuite hostname="DESKTOP-BKGT5IA" failures="0" tests="5" name="StepDef.TestRunner" time="38.244" errors="0" timestamp="2026-06-01T09:09:01 IST" skipped="0">
  <testcase classname="StepDef.TestRunner" name="runScenario" time="4.985"/>
  <testcase classname="StepDef.TestRunner" name="runScenario" time="13.608"/>
  <testcase classname="StepDef.TestRunner" name="runScenario" time="7.431"/>
  <testcase classname="StepDef.TestRunner" name="runScenario" time="6.301"/>
  <testcase classname="StepDef.TestRunner" name="runScenario" time="5.919"/>
</testsuite> <!-- StepDef.TestRunner -->
